<?xml version="1.0" encoding="UTF-8"?>
<testsuite name="com.tangerine.theatre_manager.global.config.JasyptConfigurationTest" tests="1" skipped="0" failures="0" errors="0" timestamp="2023-09-06T15:53:35" hostname="bagseyeong-ui-MacBookAir.local" time="0.345">
  <properties/>
  <testcase name="jasypt()" classname="com.tangerine.theatre_manager.global.config.JasyptConfigurationTest" time="0.345"/>
  <system-out><![CDATA[00:53:34.483 [Test worker] INFO org.springframework.test.context.support.AnnotationConfigContextLoaderUtils -- Could not detect default configuration classes for test class [com.tangerine.theatre_manager.global.config.JasyptConfigurationTest]: JasyptConfigurationTest does not declare any static, non-private, non-final, nested classes annotated with @Configuration.
00:53:34.523 [Test worker] INFO org.springframework.boot.test.context.SpringBootTestContextBootstrapper -- Found @SpringBootConfiguration com.tangerine.theatre_manager.TheatreManagerApplication for test class com.tangerine.theatre_manager.global.config.JasyptConfigurationTest

  .   ____          _            __ _ _
 /\\ / ___'_ __ _ _(_)_ __  __ _ \ \ \ \
( ( )\___ | '_ | '_| | '_ \/ _` | \ \ \ \
 \\/  ___)| |_)| | | | | || (_| |  ) ) ) )
  '  |____| .__|_| |_|_| |_\__, | / / / /
 =========|_|==============|___/=/_/_/_/
 :: Spring Boot ::                (v3.1.1)

2023-09-07T00:53:34.660+09:00  INFO 43279 --- [    Test worker] c.t.t.g.config.JasyptConfigurationTest   : Starting JasyptConfigurationTest using Java 17.0.7 with PID 43279 (started by onetuks in /Users/onetuks/Documents/git/IntelliJProjects/theatre_manager)
2023-09-07T00:53:34.661+09:00  INFO 43279 --- [    Test worker] c.t.t.g.config.JasyptConfigurationTest   : No active profile set, falling back to 1 default profile: "default"
2023-09-07T00:53:34.863+09:00  INFO 43279 --- [    Test worker] .s.d.r.c.RepositoryConfigurationDelegate : Bootstrapping Spring Data JPA repositories in DEFAULT mode.
2023-09-07T00:53:34.871+09:00  INFO 43279 --- [    Test worker] .s.d.r.c.RepositoryConfigurationDelegate : Finished Spring Data repository scanning in 5 ms. Found 0 JPA repository interfaces.
2023-09-07T00:53:34.958+09:00  INFO 43279 --- [    Test worker] ptablePropertiesBeanFactoryPostProcessor : Post-processing PropertySource instances
2023-09-07T00:53:34.959+09:00  INFO 43279 --- [    Test worker] c.u.j.EncryptablePropertySourceConverter : Skipping PropertySource configurationProperties [class org.springframework.boot.context.properties.source.ConfigurationPropertySourcesPropertySource
2023-09-07T00:53:34.959+09:00  INFO 43279 --- [    Test worker] c.u.j.EncryptablePropertySourceConverter : Converting PropertySource test [org.springframework.core.env.MapPropertySource] to EncryptableMapPropertySourceWrapper
2023-09-07T00:53:34.960+09:00  INFO 43279 --- [    Test worker] c.u.j.EncryptablePropertySourceConverter : Converting PropertySource Inlined Test Properties [org.springframework.core.env.MapPropertySource] to EncryptableMapPropertySourceWrapper
2023-09-07T00:53:34.960+09:00  INFO 43279 --- [    Test worker] c.u.j.EncryptablePropertySourceConverter : Skipping PropertySource servletConfigInitParams [class org.springframework.core.env.PropertySource$StubPropertySource
2023-09-07T00:53:34.960+09:00  INFO 43279 --- [    Test worker] c.u.j.EncryptablePropertySourceConverter : Converting PropertySource servletContextInitParams [org.springframework.web.context.support.ServletContextPropertySource] to EncryptableEnumerablePropertySourceWrapper
2023-09-07T00:53:34.960+09:00  INFO 43279 --- [    Test worker] c.u.j.EncryptablePropertySourceConverter : Converting PropertySource systemProperties [org.springframework.core.env.PropertiesPropertySource] to EncryptableMapPropertySourceWrapper
2023-09-07T00:53:34.960+09:00  INFO 43279 --- [    Test worker] c.u.j.EncryptablePropertySourceConverter : Converting PropertySource systemEnvironment [org.springframework.boot.env.SystemEnvironmentPropertySourceEnvironmentPostProcessor$OriginAwareSystemEnvironmentPropertySource] to EncryptableSystemEnvironmentPropertySourceWrapper
2023-09-07T00:53:34.960+09:00  INFO 43279 --- [    Test worker] c.u.j.EncryptablePropertySourceConverter : Converting PropertySource random [org.springframework.boot.env.RandomValuePropertySource] to EncryptablePropertySourceWrapper
2023-09-07T00:53:34.960+09:00  INFO 43279 --- [    Test worker] c.u.j.EncryptablePropertySourceConverter : Converting PropertySource Config resource 'class path resource [application.yaml]' via location 'optional:classpath:/' [org.springframework.boot.env.OriginTrackedMapPropertySource] to EncryptableMapPropertySourceWrapper
2023-09-07T00:53:35.000+09:00  INFO 43279 --- [    Test worker] c.u.j.filter.DefaultLazyPropertyFilter   : Property Filter custom Bean not found with name 'encryptablePropertyFilter'. Initializing Default Property Filter
2023-09-07T00:53:35.006+09:00  INFO 43279 --- [    Test worker] c.u.j.r.DefaultLazyPropertyResolver      : Property Resolver custom Bean not found with name 'encryptablePropertyResolver'. Initializing Default Property Resolver
2023-09-07T00:53:35.007+09:00  INFO 43279 --- [    Test worker] c.u.j.d.DefaultLazyPropertyDetector      : Property Detector custom Bean not found with name 'encryptablePropertyDetector'. Initializing Default Property Detector
2023-09-07T00:53:35.051+09:00  INFO 43279 --- [    Test worker] o.hibernate.jpa.internal.util.LogHelper  : HHH000204: Processing PersistenceUnitInfo [name: default]
2023-09-07T00:53:35.069+09:00  INFO 43279 --- [    Test worker] org.hibernate.Version                    : HHH000412: Hibernate ORM core version 6.2.5.Final
2023-09-07T00:53:35.070+09:00  INFO 43279 --- [    Test worker] org.hibernate.cfg.Environment            : HHH000406: Using bytecode reflection optimizer
2023-09-07T00:53:35.115+09:00  INFO 43279 --- [    Test worker] o.h.b.i.BytecodeProviderInitiator        : HHH000021: Bytecode provider name : bytebuddy
2023-09-07T00:53:35.166+09:00  INFO 43279 --- [    Test worker] o.s.o.j.p.SpringPersistenceUnitInfo      : No LoadTimeWeaver setup: ignoring JPA class transformer
2023-09-07T00:53:35.172+09:00  INFO 43279 --- [    Test worker] com.zaxxer.hikari.HikariDataSource       : HikariPool-1 - Starting...
2023-09-07T00:53:35.314+09:00  INFO 43279 --- [    Test worker] com.zaxxer.hikari.pool.HikariPool        : HikariPool-1 - Added connection com.mysql.cj.jdbc.ConnectionImpl@2c674d58
2023-09-07T00:53:35.316+09:00  INFO 43279 --- [    Test worker] com.zaxxer.hikari.HikariDataSource       : HikariPool-1 - Start completed.
2023-09-07T00:53:35.374+09:00  INFO 43279 --- [    Test worker] o.h.b.i.BytecodeProviderInitiator        : HHH000021: Bytecode provider name : bytebuddy
2023-09-07T00:53:35.451+09:00  INFO 43279 --- [    Test worker] o.h.e.t.j.p.i.JtaPlatformInitiator       : HHH000490: Using JtaPlatform implementation: [org.hibernate.engine.transaction.jta.platform.internal.NoJtaPlatform]
2023-09-07T00:53:35.452+09:00  INFO 43279 --- [    Test worker] j.LocalContainerEntityManagerFactoryBean : Initialized JPA EntityManagerFactory for persistence unit 'default'
2023-09-07T00:53:35.682+09:00  INFO 43279 --- [    Test worker] c.t.t.g.config.JasyptConfigurationTest   : Started JasyptConfigurationTest in 1.112 seconds (process running for 1.687)
2023-09-07T00:53:35.996+09:00  INFO 43279 --- [    Test worker] c.t.t.g.config.JasyptConfigurationTest   : 
originUrl: jdbc:mysql://localhost/theatre_manager 
 encryptedUrl: FKbUKbk84ZOn/CwdSkuRukzx0IRZ/RHZX+qTLdIZwE42MPbHMko52WBq5UU89QY6
2023-09-07T00:53:35.996+09:00  INFO 43279 --- [    Test worker] c.t.t.g.config.JasyptConfigurationTest   : 
originUsername: jdbc:mysql://localhost/theatre_manager 
 encryptedPassword: FGgwnNZak85zpS/muDSLIA==
2023-09-07T00:53:35.996+09:00  INFO 43279 --- [    Test worker] c.t.t.g.config.JasyptConfigurationTest   : 
originPassword: jdbc:mysql://localhost/theatre_manager 
 encryptedPassword: pkxkDoJ/7AFhJcndyFqRjGIKB48oes3D
]]></system-out>
  <system-err><![CDATA[]]></system-err>
</testsuite>
